<?xml version="1.0" encoding="UTF-8"?>
<!-- Generated by org.testng.reporters.JUnitReportReporter -->
<testsuite skipped="0" hostname="Sinans-MacBook-Air.local" name="firstMavenProject.SeleniumTest" tests="2" failures="0" timestamp="2019-01-25T08:47:27 GMT" time="0.000" errors="0">
  <testcase name="elementsUI" time="0.000" classname="firstMavenProject.SeleniumTest"/>
  <testcase name="browserAutomation" time="0.000" classname="firstMavenProject.SeleniumTest"/>
</testsuite> <!-- firstMavenProject.SeleniumTest -->
