<?xml version="1.0" encoding="UTF-8"?>
<!-- Generated by org.testng.reporters.JUnitReportReporter -->
<testsuite skipped="0" hostname="Sinans-MacBook-Air.local" name="firstMavenProject.restAPITest" tests="2" failures="0" timestamp="2019-01-25T08:47:47 GMT" time="0.004" errors="0">
  <testcase name="DeleteTWITTER" time="0.003" classname="firstMavenProject.restAPITest"/>
  <testcase name="postJIRA" time="0.001" classname="firstMavenProject.restAPITest"/>
</testsuite> <!-- firstMavenProject.restAPITest -->
