<?xml version="1.0" encoding="UTF-8"?>
<!-- Generated by org.testng.reporters.JUnitReportReporter -->
<testsuite skipped="0" hostname="Sinans-MacBook-Air.local" name="firstMavenProject.AppiumTest" tests="2" failures="0" timestamp="2019-01-25T08:47:47 GMT" time="0.010" errors="0">
  <testcase name="IOSapps" time="0.009" classname="firstMavenProject.AppiumTest"/>
  <testcase name="nativeAPPandroid" time="0.001" classname="firstMavenProject.AppiumTest"/>
</testsuite> <!-- firstMavenProject.AppiumTest -->
